d:\tr hacker\debug\cheatlibrary.lib
d:\tr hacker\debug\cheatlibrary.exp
d:\tr hacker\mycheatlibrary\cheatlibrary\debug\vc140.pdb
d:\tr hacker\mycheatlibrary\cheatlibrary\debug\vc140.idb
d:\tr hacker\mycheatlibrary\cheatlibrary\debug\cheatlibrary.obj
d:\tr hacker\mycheatlibrary\cheatlibrary\debug\dotnetdatagetter.obj
d:\tr hacker\mycheatlibrary\cheatlibrary\debug\myiclrdebugginglibraryprovider.obj
d:\tr hacker\mycheatlibrary\cheatlibrary\debug\myicordebugdatatarget.obj
d:\tr hacker\mycheatlibrary\cheatlibrary\debug\cheatlibrary.tlog\cheatlibrary.write.1u.tlog
d:\tr hacker\mycheatlibrary\cheatlibrary\debug\cheatlibrary.tlog\cl.command.1.tlog
d:\tr hacker\mycheatlibrary\cheatlibrary\debug\cheatlibrary.tlog\cl.read.1.tlog
d:\tr hacker\mycheatlibrary\cheatlibrary\debug\cheatlibrary.tlog\cl.write.1.tlog
d:\tr hacker\mycheatlibrary\cheatlibrary\debug\cheatlibrary.tlog\link.14696-cvtres.read.1.tlog
d:\tr hacker\mycheatlibrary\cheatlibrary\debug\cheatlibrary.tlog\link.14696-cvtres.write.1.tlog
d:\tr hacker\mycheatlibrary\cheatlibrary\debug\cheatlibrary.tlog\link.14696-rc.read.1.tlog
d:\tr hacker\mycheatlibrary\cheatlibrary\debug\cheatlibrary.tlog\link.14696-rc.write.1.tlog
d:\tr hacker\mycheatlibrary\cheatlibrary\debug\cheatlibrary.tlog\link.14696.read.1.tlog
d:\tr hacker\mycheatlibrary\cheatlibrary\debug\cheatlibrary.tlog\link.14696.write.1.tlog
d:\tr hacker\mycheatlibrary\cheatlibrary\debug\cheatlibrary.tlog\link.command.1.tlog
d:\tr hacker\mycheatlibrary\cheatlibrary\debug\cheatlibrary.tlog\link.read.1.tlog
d:\tr hacker\mycheatlibrary\cheatlibrary\debug\cheatlibrary.tlog\link.write.1.tlog
