C:\Program Files (x86)\MSBuild\Microsoft.Cpp\v4.0\V140\Microsoft.CppBuild.targets(368,5): warning MSB8004: Output Directory does not end with a trailing slash.  This build instance will add the slash as it is required to allow proper evaluation of the Output Directory.
  MyICorDebugDataTarget.cpp
c:\program files (x86)\windows kits\8.1\include\um\corhdr.h(1849): warning C4091: “typedef ”: 没有声明变量时忽略“NGenHintEnum”的左侧
c:\program files (x86)\windows kits\8.1\include\um\corhdr.h(1858): warning C4091: “typedef ”: 没有声明变量时忽略“LoadHintEnum”的左侧
c:\program files (x86)\windows kits\8.1\include\um\corhdr.h(1907): warning C4091: “typedef ”: 没有声明变量时忽略“NativeTypeArrayFlags”的左侧
  MyICLRDebuggingLibraryProvider.cpp
c:\program files (x86)\windows kits\8.1\include\um\corhdr.h(1849): warning C4091: “typedef ”: 没有声明变量时忽略“NGenHintEnum”的左侧
c:\program files (x86)\windows kits\8.1\include\um\corhdr.h(1858): warning C4091: “typedef ”: 没有声明变量时忽略“LoadHintEnum”的左侧
c:\program files (x86)\windows kits\8.1\include\um\corhdr.h(1907): warning C4091: “typedef ”: 没有声明变量时忽略“NativeTypeArrayFlags”的左侧
  DotNetDataGetter.cpp
c:\program files (x86)\windows kits\8.1\include\um\corhdr.h(1849): warning C4091: “typedef ”: 没有声明变量时忽略“NGenHintEnum”的左侧
c:\program files (x86)\windows kits\8.1\include\um\corhdr.h(1858): warning C4091: “typedef ”: 没有声明变量时忽略“LoadHintEnum”的左侧
c:\program files (x86)\windows kits\8.1\include\um\corhdr.h(1907): warning C4091: “typedef ”: 没有声明变量时忽略“NativeTypeArrayFlags”的左侧
  CheatLibrary.cpp
c:\program files (x86)\windows kits\8.1\include\um\corhdr.h(1849): warning C4091: “typedef ”: 没有声明变量时忽略“NGenHintEnum”的左侧
c:\program files (x86)\windows kits\8.1\include\um\corhdr.h(1858): warning C4091: “typedef ”: 没有声明变量时忽略“LoadHintEnum”的左侧
c:\program files (x86)\windows kits\8.1\include\um\corhdr.h(1907): warning C4091: “typedef ”: 没有声明变量时忽略“NativeTypeArrayFlags”的左侧
  正在生成代码...
d:\tr hacker\mycheatlibrary\cheatlibrary\cheatlibrary.cpp(223): warning C4715: “ReadData”: 不是所有的控件路径都返回值
    正在创建库 ..\..\Debug\CheatLibrary.lib 和对象 ..\..\Debug\CheatLibrary.exp
  CheatLibrary.vcxproj -> D:\TR Hacker\MyCheatLibrary\CheatLibrary\..\..\Debug\CheatLibrary.dll
  CheatLibrary.vcxproj -> ..\..\Debug\CheatLibrary.pdb (Full PDB)
